Start testing: Sep 04 23:57 IST
----------------------------------------------------------
1/13 Testing: test_ai_telemetry
1/13 Test: test_ai_telemetry
Command: "/Users/nielhitesh/LUV---Flicker-/build-recovery/test_ai_telemetry"
Directory: /Users/nielhitesh/LUV---Flicker-/build-recovery
"test_ai_telemetry" start time: Sep 04 23:57 IST
Output:
----------------------------------------------------------
AI + Telemetry Integration Test

== AI engine ==
  [OK] mapped model -> features -> signal

== Telemetry bridge ==
  [OK] heartbeat ring -> UDP dashboard packet

All AI/telemetry tests passed.
<end of output>
Test time =   1.15 sec
----------------------------------------------------------
Test Passed.
"test_ai_telemetry" end time: Sep 04 23:57 IST
"test_ai_telemetry" time elapsed: 00:00:01
----------------------------------------------------------

2/13 Testing: test_arena
2/13 Test: test_arena
Command: "/Users/nielhitesh/LUV---Flicker-/build-recovery/test_arena"
Directory: /Users/nielhitesh/LUV---Flicker-/build-recovery
"test_arena" start time: Sep 04 23:57 IST
Output:
----------------------------------------------------------
Memory Usage Report:
LOB bytes: 603979776
Tick ring bytes: 268435456
Feature bytes: 2621440
Signal bytes: 8192
Exec bytes: 2228224
Telemetry bytes: 8388608
Total infrastructure bytes (rounded): 887095296
AI region bytes: 13958643712
Grand total bytes: 14845739008
mlocked: yes
<end of output>
Test time =   0.83 sec
----------------------------------------------------------
Test Passed.
"test_arena" end time: Sep 04 23:57 IST
"test_arena" time elapsed: 00:00:00
----------------------------------------------------------

3/13 Testing: test_execution
3/13 Test: test_execution
Command: "/Users/nielhitesh/LUV---Flicker-/build-recovery/test_execution"
Directory: /Users/nielhitesh/LUV---Flicker-/build-recovery
"test_execution" start time: Sep 04 23:57 IST
Output:
----------------------------------------------------------
Execution Gateway Test

== Branchless risk ==
  [OK] input, position, alpha, and halt validation

== OUCH templating + gateway ==
  [OK] fixed offsets patched and rejects suppress packet len

== Production controls ==
  [OK] sequence gaps, circuit breaker, and rate limit

== Durable audit admission ==
  [OK] accepted order durably recorded

== Risk timing sample ==
  avg risk evaluate: 18.59 ns (5000000 pass sink)

All execution tests passed.
<end of output>
Test time =   1.31 sec
----------------------------------------------------------
Test Passed.
"test_execution" end time: Sep 04 23:57 IST
"test_execution" time elapsed: 00:00:01
----------------------------------------------------------

4/13 Testing: test_feed
4/13 Test: test_feed
Command: "/Users/nielhitesh/LUV---Flicker-/build-recovery/test_feed"
Directory: /Users/nielhitesh/LUV---Flicker-/build-recovery
"test_feed" start time: Sep 04 23:57 IST
Output:
----------------------------------------------------------
╔══════════════════════════════════════════════════╗
║  LUV Feed Integration Test                       ║
╚══════════════════════════════════════════════════╝

══ SymbolTable ══════════════════════════════════
  [OK] insert/lookup — 3 symbols, 1 miss
  [OK] table size: 3

══ decode_itch() ════════════════════════════════
  [OK] Add Order decode — all fields verified
  [OK] Unknown message type correctly skipped

══ SimFeedSource pipeline ═══════════════════════
  [OK] Arena initialised (mlocked=yes)
  [OK] SimFeedSource initialised (synthetic, 64 symbols, 1024 prebuf)
  [OK] Polled 10,000 iterations → 10000 messages decoded
       feed.total_messages() = 10000
       feed.total_bytes()    = 317576
  [OK] Consumed 200 messages from tick_ring
       Add orders: 133  Executes: 23  Cancels: 24  Deletes: 20
  [OK] Message type distribution looks reasonable

══ Memory Report ═══════════════════════════════
  LOB:          603979776 bytes  (576.0 MiB)
  Tick ring:    268435456 bytes  (256.0 MiB)
  Features:       2621440 bytes  (2.5 MiB)
  Signals:           8192 bytes  (8.0 KiB)
  Exec/Risk:      2228224 bytes  (2.1 MiB)
  Telemetry:      8388608 bytes  (8.0 MiB)
  ─────────────────────────────────────────────
  Infra total:  887095296 bytes  (846.0 MiB)
  AI region:   13958643712 bytes  (13.0 GiB)
  Grand total: 14845739008 bytes  (13.8 GiB)
  mlocked:     yes

  ✅ All tests passed.

<end of output>
Test time =   0.74 sec
----------------------------------------------------------
Test Passed.
"test_feed" end time: Sep 04 23:57 IST
"test_feed" time elapsed: 00:00:00
----------------------------------------------------------

5/13 Testing: test_lob
5/13 Test: test_lob
Command: "/Users/nielhitesh/LUV---Flicker-/build-recovery/test_lob"
Directory: /Users/nielhitesh/LUV---Flicker-/build-recovery
"test_lob" start time: Sep 04 23:57 IST
Output:
----------------------------------------------------------
LOB Reconstruction Integration Test

== LOB reconstruction ==
  [OK] add/execute/cancel/delete/replace path

== Consumer + features ==
  [OK] ring consumption and feature writes

== SimFeedSource -> Consumer smoke ==
  [OK] produced=1000 consumed=1000 features_nonzero=yes

All LOB tests passed.
<end of output>
Test time =   1.11 sec
----------------------------------------------------------
Test Passed.
"test_lob" end time: Sep 04 23:57 IST
"test_lob" time elapsed: 00:00:01
----------------------------------------------------------

6/13 Testing: test_stress
6/13 Test: test_stress
Command: ""
Directory: /Users/nielhitesh/LUV---Flicker-/build-recovery
"test_stress" start time: 
Output:
----------------------------------------------------------
<end of output>
Test time =   0.00 sec
----------------------------------------------------------
Test Passed.
"test_stress" end time: Sep 04 23:57 IST
"test_stress" time elapsed: 00:00:00
----------------------------------------------------------

7/13 Testing: test_decoder_fuzz
7/13 Test: test_decoder_fuzz
Command: "/Users/nielhitesh/LUV---Flicker-/build-recovery/test_decoder_fuzz"
Directory: /Users/nielhitesh/LUV---Flicker-/build-recovery
"test_decoder_fuzz" start time: Sep 04 23:57 IST
Output:
----------------------------------------------------------
decoder fuzz smoke passed: 100000 malformed inputs rejected
<end of output>
Test time =   0.79 sec
----------------------------------------------------------
Test Passed.
"test_decoder_fuzz" end time: Sep 04 23:57 IST
"test_decoder_fuzz" time elapsed: 00:00:00
----------------------------------------------------------

8/13 Testing: test_concurrency
8/13 Test: test_concurrency
Command: "/Users/nielhitesh/LUV---Flicker-/build-recovery/test_concurrency"
Directory: /Users/nielhitesh/LUV---Flicker-/build-recovery
"test_concurrency" start time: Sep 04 23:57 IST
Output:
----------------------------------------------------------
LOB concurrent reader/writer smoke passed
<end of output>
Test time =   0.85 sec
----------------------------------------------------------
Test Passed.
"test_concurrency" end time: Sep 04 23:57 IST
"test_concurrency" time elapsed: 00:00:00
----------------------------------------------------------

9/13 Testing: test_ouch_parser
9/13 Test: test_ouch_parser
Command: "/Users/nielhitesh/LUV---Flicker-/build-recovery/test_ouch_parser"
Directory: /Users/nielhitesh/LUV---Flicker-/build-recovery
"test_ouch_parser" start time: Sep 04 23:57 IST
Output:
----------------------------------------------------------
OUCH parser fuzz smoke passed: 100000 inputs
<end of output>
Test time =   0.91 sec
----------------------------------------------------------
Test Passed.
"test_ouch_parser" end time: Sep 04 23:57 IST
"test_ouch_parser" time elapsed: 00:00:00
----------------------------------------------------------

10/13 Testing: test_risk_validator
10/13 Test: test_risk_validator
Command: "/Users/nielhitesh/LUV---Flicker-/build-recovery/test_risk_validator"
Directory: /Users/nielhitesh/LUV---Flicker-/build-recovery
"test_risk_validator" start time: Sep 04 23:57 IST
Output:
----------------------------------------------------------
risk validator fuzz smoke passed: 50000 inputs
<end of output>
Test time =   0.77 sec
----------------------------------------------------------
Test Passed.
"test_risk_validator" end time: Sep 04 23:57 IST
"test_risk_validator" time elapsed: 00:00:00
----------------------------------------------------------

11/13 Testing: test_telemetry_export
11/13 Test: test_telemetry_export
Command: "/Users/nielhitesh/LUV---Flicker-/build-recovery/test_telemetry_export"
Directory: /Users/nielhitesh/LUV---Flicker-/build-recovery
"test_telemetry_export" start time: Sep 04 23:57 IST
Output:
----------------------------------------------------------
telemetry batch export passed: percentiles and drops verified
<end of output>
Test time =   0.80 sec
----------------------------------------------------------
Test Passed.
"test_telemetry_export" end time: Sep 04 23:57 IST
"test_telemetry_export" time elapsed: 00:00:00
----------------------------------------------------------

12/13 Testing: test_crash_recovery
12/13 Test: test_crash_recovery
Command: "/Users/nielhitesh/LUV---Flicker-/build-recovery/test_crash_recovery"
Directory: /Users/nielhitesh/LUV---Flicker-/build-recovery
"test_crash_recovery" start time: Sep 04 23:57 IST
Output:
----------------------------------------------------------
crash recovery replay passed: restart and corruption checks
<end of output>
Test time =   0.56 sec
----------------------------------------------------------
Test Passed.
"test_crash_recovery" end time: Sep 04 23:57 IST
"test_crash_recovery" time elapsed: 00:00:00
----------------------------------------------------------

13/13 Testing: test_crash_recovery_process
13/13 Test: test_crash_recovery_process
Command: "/Users/nielhitesh/LUV---Flicker-/build-recovery/test_crash_recovery_process"
Directory: /Users/nielhitesh/LUV---Flicker-/build-recovery
"test_crash_recovery_process" start time: Sep 04 23:57 IST
Output:
----------------------------------------------------------
process crash recovery passed: SIGKILL and replay
<end of output>
Test time =   0.01 sec
----------------------------------------------------------
Test Passed.
"test_crash_recovery_process" end time: Sep 04 23:57 IST
"test_crash_recovery_process" time elapsed: 00:00:00
----------------------------------------------------------

End testing: Sep 04 23:57 IST
