Start testing: Sep 07 08:22 IST
----------------------------------------------------------
16/16 Testing: crash_recovery_harness
16/16 Test: crash_recovery_harness
Command: "/Users/nielhitesh/LUV---Flicker-/build-day4/crash_recovery_harness"
Directory: /Users/nielhitesh/LUV---Flicker-/build-day4
"crash_recovery_harness" start time: Sep 07 08:22 IST
Output:
----------------------------------------------------------
Crash after order 10: crashed=YES replay_events=10 active=10 net_position=1450
SCENARIO Crash after order 10: PASS
Crash after order 10: crashed=YES replay_events=10 active=10 net_position=1450
SCENARIO Crash after order 10: PASS
Crash after order 25: crashed=YES replay_events=25 active=25 net_position=3550
SCENARIO Crash after order 25: PASS
Crash after order 10: crashed=YES replay_events=10 active=10 net_position=1450
SCENARIO Crash after order 10: PASS
Crash after order 25: crashed=YES replay_events=25 active=25 net_position=3550
SCENARIO Crash after order 25: PASS
Crash after order 50: crashed=YES replay_events=50 active=50 net_position=7250
SCENARIO Crash after order 50: PASS
<end of output>
Test time =   1.28 sec
----------------------------------------------------------
Test Passed.
"crash_recovery_harness" end time: Sep 07 08:22 IST
"crash_recovery_harness" time elapsed: 00:00:01
----------------------------------------------------------

9/16 Testing: test_ouch_parser
9/16 Test: test_ouch_parser
Command: "/Users/nielhitesh/LUV---Flicker-/build-day4/test_ouch_parser"
Directory: /Users/nielhitesh/LUV---Flicker-/build-day4
"test_ouch_parser" start time: Sep 07 08:22 IST
Output:
----------------------------------------------------------
OUCH parser fuzz smoke passed: 100000 inputs
<end of output>
Test time =   1.02 sec
----------------------------------------------------------
Test Passed.
"test_ouch_parser" end time: Sep 07 08:22 IST
"test_ouch_parser" time elapsed: 00:00:01
----------------------------------------------------------

3/16 Testing: test_execution
3/16 Test: test_execution
Command: "/Users/nielhitesh/LUV---Flicker-/build-day4/test_execution"
Directory: /Users/nielhitesh/LUV---Flicker-/build-day4
"test_execution" start time: Sep 07 08:22 IST
Output:
----------------------------------------------------------
Execution Gateway Test

== Branchless risk ==
  [OK] input, position, alpha, and halt validation

== OUCH templating + gateway ==
  [OK] fixed offsets patched and rejects suppress packet len

== Production controls ==
  [OK] sequence gaps, circuit breaker, and rate limit

== Durable audit admission ==
  [OK] accepted order durably recorded

== Risk timing sample ==
  avg risk evaluate: 19.13 ns (5000000 pass sink)

All execution tests passed.
<end of output>
Test time =   1.33 sec
----------------------------------------------------------
Test Passed.
"test_execution" end time: Sep 07 08:22 IST
"test_execution" time elapsed: 00:00:01
----------------------------------------------------------

10/16 Testing: test_risk_validator
10/16 Test: test_risk_validator
Command: "/Users/nielhitesh/LUV---Flicker-/build-day4/test_risk_validator"
Directory: /Users/nielhitesh/LUV---Flicker-/build-day4
"test_risk_validator" start time: Sep 07 08:22 IST
Output:
----------------------------------------------------------
risk validator fuzz smoke passed: 50000 inputs
<end of output>
Test time =   0.94 sec
----------------------------------------------------------
Test Passed.
"test_risk_validator" end time: Sep 07 08:22 IST
"test_risk_validator" time elapsed: 00:00:00
----------------------------------------------------------

12/16 Testing: test_crash_recovery
12/16 Test: test_crash_recovery
Command: "/Users/nielhitesh/LUV---Flicker-/build-day4/test_crash_recovery"
Directory: /Users/nielhitesh/LUV---Flicker-/build-day4
"test_crash_recovery" start time: Sep 07 08:22 IST
Output:
----------------------------------------------------------
crash recovery replay passed: restart and corruption checks
<end of output>
Test time =   0.56 sec
----------------------------------------------------------
Test Passed.
"test_crash_recovery" end time: Sep 07 08:22 IST
"test_crash_recovery" time elapsed: 00:00:00
----------------------------------------------------------

5/16 Testing: test_lob
5/16 Test: test_lob
Command: "/Users/nielhitesh/LUV---Flicker-/build-day4/test_lob"
Directory: /Users/nielhitesh/LUV---Flicker-/build-day4
"test_lob" start time: Sep 07 08:22 IST
Output:
----------------------------------------------------------
LOB Reconstruction Integration Test

== LOB reconstruction ==
  [OK] add/execute/cancel/delete/replace path

== Consumer + features ==
  [OK] ring consumption and feature writes

== SimFeedSource -> Consumer smoke ==
  [OK] produced=1000 consumed=1000 features_nonzero=yes

All LOB tests passed.
<end of output>
Test time =   0.38 sec
----------------------------------------------------------
Test Passed.
"test_lob" end time: Sep 07 08:22 IST
"test_lob" time elapsed: 00:00:00
----------------------------------------------------------

15/16 Testing: test_day4_integration
15/16 Test: test_day4_integration
Command: "/Users/nielhitesh/LUV---Flicker-/build-day4/test_day4_integration"
Directory: /Users/nielhitesh/LUV---Flicker-/build-day4
"test_day4_integration" start time: Sep 07 08:22 IST
Output:
----------------------------------------------------------
day4 integration check: risk gate + ledger + telemetry + fill accepted
<end of output>
Test time =   0.73 sec
----------------------------------------------------------
Test Passed.
"test_day4_integration" end time: Sep 07 08:22 IST
"test_day4_integration" time elapsed: 00:00:00
----------------------------------------------------------

1/16 Testing: test_ai_telemetry
1/16 Test: test_ai_telemetry
Command: "/Users/nielhitesh/LUV---Flicker-/build-day4/test_ai_telemetry"
Directory: /Users/nielhitesh/LUV---Flicker-/build-day4
"test_ai_telemetry" start time: Sep 07 08:22 IST
Output:
----------------------------------------------------------
AI + Telemetry Integration Test

== AI engine ==
  [OK] mapped model -> features -> signal

== Telemetry bridge ==
  [OK] heartbeat ring -> UDP dashboard packet

All AI/telemetry tests passed.
<end of output>
Test time =   0.23 sec
----------------------------------------------------------
Test Passed.
"test_ai_telemetry" end time: Sep 07 08:22 IST
"test_ai_telemetry" time elapsed: 00:00:00
----------------------------------------------------------

13/16 Testing: test_crash_recovery_process
13/16 Test: test_crash_recovery_process
Command: "/Users/nielhitesh/LUV---Flicker-/build-day4/test_crash_recovery_process"
Directory: /Users/nielhitesh/LUV---Flicker-/build-day4
"test_crash_recovery_process" start time: Sep 07 08:22 IST
Output:
----------------------------------------------------------
process crash recovery passed: SIGKILL and replay
<end of output>
Test time =   0.54 sec
----------------------------------------------------------
Test Passed.
"test_crash_recovery_process" end time: Sep 07 08:22 IST
"test_crash_recovery_process" time elapsed: 00:00:00
----------------------------------------------------------

8/16 Testing: test_concurrency
8/16 Test: test_concurrency
Command: "/Users/nielhitesh/LUV---Flicker-/build-day4/test_concurrency"
Directory: /Users/nielhitesh/LUV---Flicker-/build-day4
"test_concurrency" start time: Sep 07 08:22 IST
Output:
----------------------------------------------------------
LOB concurrent reader/writer smoke passed
<end of output>
Test time =   0.15 sec
----------------------------------------------------------
Test Passed.
"test_concurrency" end time: Sep 07 08:22 IST
"test_concurrency" time elapsed: 00:00:00
----------------------------------------------------------

11/16 Testing: test_telemetry_export
11/16 Test: test_telemetry_export
Command: "/Users/nielhitesh/LUV---Flicker-/build-day4/test_telemetry_export"
Directory: /Users/nielhitesh/LUV---Flicker-/build-day4
"test_telemetry_export" start time: Sep 07 08:22 IST
Output:
----------------------------------------------------------
telemetry batch export passed: percentiles and drops verified
<end of output>
Test time =   0.13 sec
----------------------------------------------------------
Test Passed.
"test_telemetry_export" end time: Sep 07 08:22 IST
"test_telemetry_export" time elapsed: 00:00:00
----------------------------------------------------------

2/16 Testing: test_arena
2/16 Test: test_arena
Command: "/Users/nielhitesh/LUV---Flicker-/build-day4/test_arena"
Directory: /Users/nielhitesh/LUV---Flicker-/build-day4
"test_arena" start time: Sep 07 08:22 IST
Output:
----------------------------------------------------------
Memory Usage Report:
LOB bytes: 603979776
Tick ring bytes: 268435456
Feature bytes: 2621440
Signal bytes: 8192
Exec bytes: 2228224
Telemetry bytes: 8388608
Total infrastructure bytes (rounded): 887095296
AI region bytes: 13958643712
Grand total bytes: 14845739008
mlocked: yes
<end of output>
Test time =   0.12 sec
----------------------------------------------------------
Test Passed.
"test_arena" end time: Sep 07 08:22 IST
"test_arena" time elapsed: 00:00:00
----------------------------------------------------------

4/16 Testing: test_feed
4/16 Test: test_feed
Command: "/Users/nielhitesh/LUV---Flicker-/build-day4/test_feed"
Directory: /Users/nielhitesh/LUV---Flicker-/build-day4
"test_feed" start time: Sep 07 08:22 IST
Output:
----------------------------------------------------------
╔══════════════════════════════════════════════════╗
║  LUV Feed Integration Test                       ║
╚══════════════════════════════════════════════════╝

══ SymbolTable ══════════════════════════════════
  [OK] insert/lookup — 3 symbols, 1 miss
  [OK] table size: 3

══ decode_itch() ════════════════════════════════
  [OK] Add Order decode — all fields verified
  [OK] Unknown message type correctly skipped

══ SimFeedSource pipeline ═══════════════════════
  [OK] Arena initialised (mlocked=yes)
  [OK] SimFeedSource initialised (synthetic, 64 symbols, 1024 prebuf)
  [OK] Polled 10,000 iterations → 10000 messages decoded
       feed.total_messages() = 10000
       feed.total_bytes()    = 317576
  [OK] Consumed 200 messages from tick_ring
       Add orders: 133  Executes: 23  Cancels: 24  Deletes: 20
  [OK] Message type distribution looks reasonable

══ Memory Report ═══════════════════════════════
  LOB:          603979776 bytes  (576.0 MiB)
  Tick ring:    268435456 bytes  (256.0 MiB)
  Features:       2621440 bytes  (2.5 MiB)
  Signals:           8192 bytes  (8.0 KiB)
  Exec/Risk:      2228224 bytes  (2.1 MiB)
  Telemetry:      8388608 bytes  (8.0 MiB)
  ─────────────────────────────────────────────
  Infra total:  887095296 bytes  (846.0 MiB)
  AI region:   13958643712 bytes  (13.0 GiB)
  Grand total: 14845739008 bytes  (13.8 GiB)
  mlocked:     yes

  ✅ All tests passed.

<end of output>
Test time =   0.13 sec
----------------------------------------------------------
Test Passed.
"test_feed" end time: Sep 07 08:22 IST
"test_feed" time elapsed: 00:00:00
----------------------------------------------------------

7/16 Testing: test_decoder_fuzz
7/16 Test: test_decoder_fuzz
Command: "/Users/nielhitesh/LUV---Flicker-/build-day4/test_decoder_fuzz"
Directory: /Users/nielhitesh/LUV---Flicker-/build-day4
"test_decoder_fuzz" start time: Sep 07 08:22 IST
Output:
----------------------------------------------------------
decoder fuzz smoke passed: 100000 malformed inputs rejected
<end of output>
Test time =   0.11 sec
----------------------------------------------------------
Test Passed.
"test_decoder_fuzz" end time: Sep 07 08:22 IST
"test_decoder_fuzz" time elapsed: 00:00:00
----------------------------------------------------------

14/16 Testing: test_audit_integrity
14/16 Test: test_audit_integrity
Command: "/Users/nielhitesh/LUV---Flicker-/build-day4/test_audit_integrity"
Directory: /Users/nielhitesh/LUV---Flicker-/build-day4
"test_audit_integrity" start time: Sep 07 08:22 IST
Output:
----------------------------------------------------------
audit integrity passed: chain corruption rejected
<end of output>
Test time =   0.01 sec
----------------------------------------------------------
Test Passed.
"test_audit_integrity" end time: Sep 07 08:22 IST
"test_audit_integrity" time elapsed: 00:00:00
----------------------------------------------------------

6/16 Testing: test_stress
6/16 Test: test_stress
Command: "/Users/nielhitesh/LUV---Flicker-/build-day4/test_stress"
Directory: /Users/nielhitesh/LUV---Flicker-/build-day4
"test_stress" start time: Sep 07 08:22 IST
Output:
----------------------------------------------------------
LUV Engine Stress Test

== Engine burst ==

== Ring boundary ==
  [OK] capacity=4194304 backpressure=null no overwrite
  messages:          10000000
  processed:         10000000
  elapsed:           30.900 s
  throughput:        323624 msg/s
  ring high-water:   4194304 / 4194304
  claim-full events: 805760
  max active orders: 1048576 / 8388608
  order map budget:  192.0 MiB
  [OK] no overflow, no budget breach

Stress test passed.
<end of output>
Test time =  31.51 sec
----------------------------------------------------------
Test Passed.
"test_stress" end time: Sep 07 08:22 IST
"test_stress" time elapsed: 00:00:31
----------------------------------------------------------

End testing: Sep 07 08:22 IST
